<?xml version="1.0" encoding="UTF-8"?>
<!-- Generated by org.testng.reporters.JUnitReportReporter -->
<testsuite skipped="0" hostname="DESKTOP-5U3VNSK" name="testapk.testcases" tests="5" failures="0" timestamp="2019-12-05T16:49:38 PKT" time="66.924" errors="0">
  <testcase name="tc1" time="14.051" classname="testapk.testcases"/>
  <testcase name="tc2" time="14.840" classname="testapk.testcases"/>
  <testcase name="tc3" time="12.874" classname="testapk.testcases"/>
  <testcase name="tc4" time="14.094" classname="testapk.testcases"/>
  <testcase name="tc5" time="11.065" classname="testapk.testcases"/>
</testsuite> <!-- testapk.testcases -->
