<?xml version="1.0" encoding="UTF-8"?>
<!-- Generated by org.testng.reporters.JUnitReportReporter -->
<testsuite skipped="0" hostname="DESKTOP-5U3VNSK" name="testapk.testcases" tests="5" failures="0" timestamp="2019-12-05T17:26:27 PKT" time="66.793" errors="0">
  <testcase name="tc1" time="13.948" classname="testapk.testcases"/>
  <testcase name="tc2" time="14.921" classname="testapk.testcases"/>
  <testcase name="tc3" time="13.015" classname="testapk.testcases"/>
  <testcase name="tc4" time="14.076" classname="testapk.testcases"/>
  <testcase name="tc5" time="10.833" classname="testapk.testcases"/>
</testsuite> <!-- testapk.testcases -->
